<?xml version="1.0" encoding="UTF-8"?>
<!-- Generated by org.testng.reporters.JUnitXMLReporter -->
<testsuite hostname="BOS-LAP-MDRASUL" ignored="0" name="Default test" tests="5" failures="0" timestamp="19 Nov 2020 20:59:25 GMT" time="11.009" errors="0">
  <testcase name="crateTenantUsingPostMethod" time="5.531" classname="com.amwell.tenant.service.TenantServiceAutomatedTest"/>
  <testcase name="getOneTenantInfoUsingGetMethod" time="0.497" classname="com.amwell.tenant.service.TenantServiceAutomatedTest"/>
  <testcase name="deleteOneTenantInfoUsingGetMethod" time="1.181" classname="com.amwell.tenant.service.TenantServiceAutomatedTest"/>
  <testcase name="getAllTenantInfoUsingGetMethod" time="1.24" classname="com.amwell.tenant.service.TenantServiceAutomatedTest"/>
  <testcase name="updateTenantInfoUsingPutMethod" time="2.536" classname="com.amwell.tenant.service.TenantServiceAutomatedTest"/>
</testsuite> <!-- Default test -->
