<?xml version="1.0" encoding="UTF-8"?>
<testng-results skipped="0" failed="0" ignored="0" total="5" passed="5">
  <reporter-output>
  </reporter-output>
  <suite name="Default suite" duration-ms="11009" started-at="2020-11-19T20:59:13Z" finished-at="2020-11-19T20:59:24Z">
    <groups>
    </groups>
    <test name="Default test" duration-ms="11009" started-at="2020-11-19T20:59:13Z" finished-at="2020-11-19T20:59:24Z">
      <class name="com.amwell.tenant.service.TenantServiceAutomatedTest">
        <test-method status="PASS" signature="crateTenantUsingPostMethod()[pri:1, instance:com.amwell.tenant.service.TenantServiceAutomatedTest@292b08d6]" name="crateTenantUsingPostMethod" duration-ms="5531" started-at="2020-11-19T20:59:13Z" finished-at="2020-11-19T20:59:19Z">
          <reporter-output>
          </reporter-output>
        </test-method> <!-- crateTenantUsingPostMethod -->
        <test-method status="PASS" signature="getOneTenantInfoUsingGetMethod()[pri:2, instance:com.amwell.tenant.service.TenantServiceAutomatedTest@292b08d6]" name="getOneTenantInfoUsingGetMethod" duration-ms="497" started-at="2020-11-19T20:59:19Z" finished-at="2020-11-19T20:59:20Z">
          <reporter-output>
          </reporter-output>
        </test-method> <!-- getOneTenantInfoUsingGetMethod -->
        <test-method status="PASS" signature="deleteOneTenantInfoUsingGetMethod()[pri:3, instance:com.amwell.tenant.service.TenantServiceAutomatedTest@292b08d6]" name="deleteOneTenantInfoUsingGetMethod" duration-ms="1181" started-at="2020-11-19T20:59:20Z" finished-at="2020-11-19T20:59:21Z">
          <reporter-output>
          </reporter-output>
        </test-method> <!-- deleteOneTenantInfoUsingGetMethod -->
        <test-method status="PASS" signature="getAllTenantInfoUsingGetMethod()[pri:4, instance:com.amwell.tenant.service.TenantServiceAutomatedTest@292b08d6]" name="getAllTenantInfoUsingGetMethod" duration-ms="1240" started-at="2020-11-19T20:59:21Z" finished-at="2020-11-19T20:59:22Z">
          <reporter-output>
          </reporter-output>
        </test-method> <!-- getAllTenantInfoUsingGetMethod -->
        <test-method status="PASS" signature="updateTenantInfoUsingPutMethod()[pri:5, instance:com.amwell.tenant.service.TenantServiceAutomatedTest@292b08d6]" name="updateTenantInfoUsingPutMethod" duration-ms="2536" started-at="2020-11-19T20:59:22Z" finished-at="2020-11-19T20:59:24Z">
          <reporter-output>
          </reporter-output>
        </test-method> <!-- updateTenantInfoUsingPutMethod -->
      </class> <!-- com.amwell.tenant.service.TenantServiceAutomatedTest -->
    </test> <!-- Default test -->
  </suite> <!-- Default suite -->
</testng-results>
